2017-10-30 14:50:59.854  INFO 78653 --- [main] com.ges.video.Application                : Starting Application v0.1.0 on gregs-MacBook-Pro.local with PID 78653 (/Users/gregskudlarick/dev/projects/vz/gesx-securing-web-complete/target/gs-securing-web-0.1.0.jar started by gregskudlarick in /Users/gregskudlarick/dev/projects/vz/gesx-securing-web-complete)
2017-10-30 14:50:59.858  INFO 78653 --- [main] com.ges.video.Application                : No active profile set, falling back to default profiles: default
2017-10-30 14:51:00.197  INFO 78653 --- [main] ationConfigEmbeddedWebApplicationContext : Refreshing org.springframework.boot.context.embedded.AnnotationConfigEmbeddedWebApplicationContext@443b7951: startup date [Mon Oct 30 14:51:00 PDT 2017]; root of context hierarchy
2017-10-30 14:51:02.331  INFO 78653 --- [main] s.b.c.e.t.TomcatEmbeddedServletContainer : Tomcat initialized with port(s): 8080 (http)
2017-10-30 14:51:02.348  INFO 78653 --- [main] o.apache.catalina.core.StandardService   : Starting service [Tomcat]
2017-10-30 14:51:02.349  INFO 78653 --- [main] org.apache.catalina.core.StandardEngine  : Starting Servlet Engine: Apache Tomcat/8.5.23
2017-10-30 14:51:02.448  INFO 78653 --- [localhost-startStop-1] o.a.c.c.C.[Tomcat].[localhost].[/]       : Initializing Spring embedded WebApplicationContext
2017-10-30 14:51:02.449  INFO 78653 --- [localhost-startStop-1] o.s.web.context.ContextLoader            : Root WebApplicationContext: initialization completed in 2254 ms
2017-10-30 14:51:02.675  INFO 78653 --- [localhost-startStop-1] o.s.b.w.servlet.FilterRegistrationBean   : Mapping filter: 'characterEncodingFilter' to: [/*]
2017-10-30 14:51:02.676  INFO 78653 --- [localhost-startStop-1] o.s.b.w.servlet.FilterRegistrationBean   : Mapping filter: 'hiddenHttpMethodFilter' to: [/*]
2017-10-30 14:51:02.676  INFO 78653 --- [localhost-startStop-1] o.s.b.w.servlet.FilterRegistrationBean   : Mapping filter: 'httpPutFormContentFilter' to: [/*]
2017-10-30 14:51:02.676  INFO 78653 --- [localhost-startStop-1] o.s.b.w.servlet.FilterRegistrationBean   : Mapping filter: 'requestContextFilter' to: [/*]
2017-10-30 14:51:02.677  INFO 78653 --- [localhost-startStop-1] .s.DelegatingFilterProxyRegistrationBean : Mapping filter: 'springSecurityFilterChain' to: [/*]
2017-10-30 14:51:02.677  INFO 78653 --- [localhost-startStop-1] o.s.b.w.servlet.ServletRegistrationBean  : Mapping servlet: 'dispatcherServlet' to [/]
2017-10-30 14:51:03.368  INFO 78653 --- [main] j.LocalContainerEntityManagerFactoryBean : Building JPA container EntityManagerFactory for persistence unit 'default'
2017-10-30 14:51:03.388  INFO 78653 --- [main] o.hibernate.jpa.internal.util.LogHelper  : HHH000204: Processing PersistenceUnitInfo [
	name: default
	...]
2017-10-30 14:51:03.557  INFO 78653 --- [main] org.hibernate.Version                    : HHH000412: Hibernate Core {5.0.12.Final}
2017-10-30 14:51:03.558  INFO 78653 --- [main] org.hibernate.cfg.Environment            : HHH000206: hibernate.properties not found
2017-10-30 14:51:03.560  INFO 78653 --- [main] org.hibernate.cfg.Environment            : HHH000021: Bytecode provider name : javassist
2017-10-30 14:51:03.612  INFO 78653 --- [main] o.hibernate.annotations.common.Version   : HCANN000001: Hibernate Commons Annotations {5.0.1.Final}
2017-10-30 14:51:03.827  INFO 78653 --- [main] org.hibernate.dialect.Dialect            : HHH000400: Using dialect: org.hibernate.dialect.MySQL5Dialect
2017-10-30 14:51:04.418  INFO 78653 --- [main] org.hibernate.tool.hbm2ddl.SchemaExport  : HHH000227: Running hbm2ddl schema export
2017-10-30 14:51:04.425 DEBUG 78653 --- [main] org.hibernate.SQL                        : drop table if exists video
2017-10-30 14:51:04.450 DEBUG 78653 --- [main] org.hibernate.SQL                        : create table video (media_id integer not null auto_increment, author varchar(255), author_ip_address varchar(255), author_location varchar(255), create_date datetime, description varchar(255), bit_rate integer not null, duration float not null, filename varchar(255), format_name varchar(255), size integer not null, meta_data varchar(255), modify_date datetime, name varchar(255), upload_date datetime, video_hls_url varchar(255), video_mpd_url varchar(255), video_poster_url varchar(255), video_sprite_url varchar(255), video_thumbs_json_url varchar(255), video_url varchar(255), primary key (media_id))
2017-10-30 14:51:04.474  INFO 78653 --- [main] org.hibernate.tool.hbm2ddl.SchemaExport  : HHH000230: Schema export complete
2017-10-30 14:51:04.529  INFO 78653 --- [main] j.LocalContainerEntityManagerFactoryBean : Initialized JPA EntityManagerFactory for persistence unit 'default'
2017-10-30 14:51:05.378  INFO 78653 --- [main] o.s.s.web.DefaultSecurityFilterChain     : Creating filter chain: org.springframework.security.web.util.matcher.AnyRequestMatcher@1, [org.springframework.security.web.context.request.async.WebAsyncManagerIntegrationFilter@2250b9f2, org.springframework.security.web.context.SecurityContextPersistenceFilter@3549bca9, org.springframework.security.web.header.HeaderWriterFilter@3e7dd664, org.springframework.web.filter.CorsFilter@7e3181aa, org.springframework.security.web.authentication.logout.LogoutFilter@5a709816, org.springframework.security.web.authentication.UsernamePasswordAuthenticationFilter@1a760689, org.springframework.security.web.savedrequest.RequestCacheAwareFilter@6fb365ed, org.springframework.security.web.servletapi.SecurityContextHolderAwareRequestFilter@74bada02, org.springframework.security.web.authentication.AnonymousAuthenticationFilter@253d9f73, org.springframework.security.web.session.SessionManagementFilter@294a6b8e, org.springframework.security.web.access.ExceptionTranslationFilter@5143c662, org.springframework.security.web.access.intercept.FilterSecurityInterceptor@e19bb76]
2017-10-30 14:51:05.662  INFO 78653 --- [main] s.w.s.m.m.a.RequestMappingHandlerAdapter : Looking for @ControllerAdvice: org.springframework.boot.context.embedded.AnnotationConfigEmbeddedWebApplicationContext@443b7951: startup date [Mon Oct 30 14:51:00 PDT 2017]; root of context hierarchy
2017-10-30 14:51:05.758  INFO 78653 --- [main] s.w.s.m.m.a.RequestMappingHandlerMapping : Mapped "{[/upload],methods=[GET]}" onto public java.lang.String com.ges.video.view.mvc.FileUploadController.listUploadedFiles(org.springframework.ui.Model,javax.servlet.http.HttpServletRequest,javax.servlet.http.HttpServletResponse) throws java.io.IOException
2017-10-30 14:51:05.760  INFO 78653 --- [main] s.w.s.m.m.a.RequestMappingHandlerMapping : Mapped "{[/files/{filename:.+}],methods=[GET]}" onto public org.springframework.http.ResponseEntity<org.springframework.core.io.Resource> com.ges.video.view.mvc.FileUploadController.serveFile(java.lang.String)
2017-10-30 14:51:05.760  INFO 78653 --- [main] s.w.s.m.m.a.RequestMappingHandlerMapping : Mapped "{[/upload],methods=[POST]}" onto public java.lang.String com.ges.video.view.mvc.FileUploadController.handleFileUpload(com.ges.video.domain.video.Video,org.springframework.web.servlet.mvc.support.RedirectAttributes,javax.servlet.http.HttpServletRequest,javax.servlet.http.HttpServletResponse)
2017-10-30 14:51:05.762  INFO 78653 --- [main] s.w.s.m.m.a.RequestMappingHandlerMapping : Mapped "{[/video]}" onto public com.ges.video.domain.video.Video com.ges.video.view.rest.ApiController.video(int)
2017-10-30 14:51:05.762  INFO 78653 --- [main] s.w.s.m.m.a.RequestMappingHandlerMapping : Mapped "{[/videos]}" onto public java.util.List<com.ges.video.domain.video.Video> com.ges.video.view.rest.ApiController.videos()
2017-10-30 14:51:05.762  INFO 78653 --- [main] s.w.s.m.m.a.RequestMappingHandlerMapping : Mapped "{[/greeting]}" onto public com.ges.video.domain.other.Greeting com.ges.video.view.rest.ApiController.greeting(java.lang.String,javax.servlet.http.HttpServletRequest,javax.servlet.http.HttpServletResponse)
2017-10-30 14:51:05.763  INFO 78653 --- [main] s.w.s.m.m.a.RequestMappingHandlerMapping : Mapped "{[/greetingOpen]}" onto public com.ges.video.domain.other.Greeting com.ges.video.view.rest.ApiController.greetingOpen(java.lang.String,javax.servlet.http.HttpServletRequest,javax.servlet.http.HttpServletResponse)
2017-10-30 14:51:05.765  INFO 78653 --- [main] s.w.s.m.m.a.RequestMappingHandlerMapping : Mapped "{[/error]}" onto public org.springframework.http.ResponseEntity<java.util.Map<java.lang.String, java.lang.Object>> org.springframework.boot.autoconfigure.web.BasicErrorController.error(javax.servlet.http.HttpServletRequest)
2017-10-30 14:51:05.765  INFO 78653 --- [main] s.w.s.m.m.a.RequestMappingHandlerMapping : Mapped "{[/error],produces=[text/html]}" onto public org.springframework.web.servlet.ModelAndView org.springframework.boot.autoconfigure.web.BasicErrorController.errorHtml(javax.servlet.http.HttpServletRequest,javax.servlet.http.HttpServletResponse)
2017-10-30 14:51:05.782  INFO 78653 --- [main] o.s.w.s.handler.SimpleUrlHandlerMapping  : Mapped URL path [/home] onto handler of type [class org.springframework.web.servlet.mvc.ParameterizableViewController]
2017-10-30 14:51:05.782  INFO 78653 --- [main] o.s.w.s.handler.SimpleUrlHandlerMapping  : Root mapping to handler of type [class org.springframework.web.servlet.mvc.ParameterizableViewController]
2017-10-30 14:51:05.782  INFO 78653 --- [main] o.s.w.s.handler.SimpleUrlHandlerMapping  : Mapped URL path [/hello] onto handler of type [class org.springframework.web.servlet.mvc.ParameterizableViewController]
2017-10-30 14:51:05.783  INFO 78653 --- [main] o.s.w.s.handler.SimpleUrlHandlerMapping  : Mapped URL path [/login] onto handler of type [class org.springframework.web.servlet.mvc.ParameterizableViewController]
2017-10-30 14:51:05.783  INFO 78653 --- [main] o.s.w.s.handler.SimpleUrlHandlerMapping  : Mapped URL path [/dummy] onto handler of type [class org.springframework.web.servlet.mvc.ParameterizableViewController]
2017-10-30 14:51:05.783  INFO 78653 --- [main] o.s.w.s.handler.SimpleUrlHandlerMapping  : Mapped URL path [/error] onto handler of type [class org.springframework.web.servlet.mvc.ParameterizableViewController]
2017-10-30 14:51:05.801  INFO 78653 --- [main] o.s.w.s.handler.SimpleUrlHandlerMapping  : Mapped URL path [/webjars/**] onto handler of type [class org.springframework.web.servlet.resource.ResourceHttpRequestHandler]
2017-10-30 14:51:05.802  INFO 78653 --- [main] o.s.w.s.handler.SimpleUrlHandlerMapping  : Mapped URL path [/**] onto handler of type [class org.springframework.web.servlet.resource.ResourceHttpRequestHandler]
2017-10-30 14:51:05.860  INFO 78653 --- [main] o.s.w.s.handler.SimpleUrlHandlerMapping  : Mapped URL path [/**/favicon.ico] onto handler of type [class org.springframework.web.servlet.resource.ResourceHttpRequestHandler]
2017-10-30 14:51:06.606  INFO 78653 --- [main] o.s.j.e.a.AnnotationMBeanExporter        : Registering beans for JMX exposure on startup
2017-10-30 14:51:06.660 ERROR 78653 --- [main] o.a.coyote.http11.Http11NioProtocol      : Failed to start end point associated with ProtocolHandler ["http-nio-8080"]

java.net.BindException: Address already in use
	at sun.nio.ch.Net.bind0(Native Method) ~[na:1.8.0_77]
	at sun.nio.ch.Net.bind(Net.java:433) ~[na:1.8.0_77]
	at sun.nio.ch.Net.bind(Net.java:425) ~[na:1.8.0_77]
	at sun.nio.ch.ServerSocketChannelImpl.bind(ServerSocketChannelImpl.java:223) ~[na:1.8.0_77]
	at sun.nio.ch.ServerSocketAdaptor.bind(ServerSocketAdaptor.java:74) ~[na:1.8.0_77]
	at org.apache.tomcat.util.net.NioEndpoint.bind(NioEndpoint.java:210) ~[tomcat-embed-core-8.5.23.jar!/:8.5.23]
	at org.apache.tomcat.util.net.AbstractEndpoint.start(AbstractEndpoint.java:990) ~[tomcat-embed-core-8.5.23.jar!/:8.5.23]
	at org.apache.coyote.AbstractProtocol.start(AbstractProtocol.java:635) ~[tomcat-embed-core-8.5.23.jar!/:8.5.23]
	at org.apache.catalina.connector.Connector.startInternal(Connector.java:1022) [tomcat-embed-core-8.5.23.jar!/:8.5.23]
	at org.apache.catalina.util.LifecycleBase.start(LifecycleBase.java:150) [tomcat-embed-core-8.5.23.jar!/:8.5.23]
	at org.apache.catalina.core.StandardService.addConnector(StandardService.java:225) [tomcat-embed-core-8.5.23.jar!/:8.5.23]
	at org.springframework.boot.context.embedded.tomcat.TomcatEmbeddedServletContainer.addPreviouslyRemovedConnectors(TomcatEmbeddedServletContainer.java:250) [spring-boot-1.5.8.RELEASE.jar!/:1.5.8.RELEASE]
	at org.springframework.boot.context.embedded.tomcat.TomcatEmbeddedServletContainer.start(TomcatEmbeddedServletContainer.java:193) [spring-boot-1.5.8.RELEASE.jar!/:1.5.8.RELEASE]
	at org.springframework.boot.context.embedded.EmbeddedWebApplicationContext.startEmbeddedServletContainer(EmbeddedWebApplicationContext.java:297) [spring-boot-1.5.8.RELEASE.jar!/:1.5.8.RELEASE]
	at org.springframework.boot.context.embedded.EmbeddedWebApplicationContext.finishRefresh(EmbeddedWebApplicationContext.java:145) [spring-boot-1.5.8.RELEASE.jar!/:1.5.8.RELEASE]
	at org.springframework.context.support.AbstractApplicationContext.refresh(AbstractApplicationContext.java:546) [spring-context-4.3.12.RELEASE.jar!/:4.3.12.RELEASE]
	at org.springframework.boot.context.embedded.EmbeddedWebApplicationContext.refresh(EmbeddedWebApplicationContext.java:122) [spring-boot-1.5.8.RELEASE.jar!/:1.5.8.RELEASE]
	at org.springframework.boot.SpringApplication.refresh(SpringApplication.java:693) [spring-boot-1.5.8.RELEASE.jar!/:1.5.8.RELEASE]
	at org.springframework.boot.SpringApplication.refreshContext(SpringApplication.java:360) [spring-boot-1.5.8.RELEASE.jar!/:1.5.8.RELEASE]
	at org.springframework.boot.SpringApplication.run(SpringApplication.java:303) [spring-boot-1.5.8.RELEASE.jar!/:1.5.8.RELEASE]
	at org.springframework.boot.SpringApplication.run(SpringApplication.java:1118) [spring-boot-1.5.8.RELEASE.jar!/:1.5.8.RELEASE]
	at org.springframework.boot.SpringApplication.run(SpringApplication.java:1107) [spring-boot-1.5.8.RELEASE.jar!/:1.5.8.RELEASE]
	at com.ges.video.Application.main(Application.java:21) [classes!/:0.1.0]
	at sun.reflect.NativeMethodAccessorImpl.invoke0(Native Method) ~[na:1.8.0_77]
	at sun.reflect.NativeMethodAccessorImpl.invoke(NativeMethodAccessorImpl.java:62) ~[na:1.8.0_77]
	at sun.reflect.DelegatingMethodAccessorImpl.invoke(DelegatingMethodAccessorImpl.java:43) ~[na:1.8.0_77]
	at java.lang.reflect.Method.invoke(Method.java:498) ~[na:1.8.0_77]
	at org.springframework.boot.loader.MainMethodRunner.run(MainMethodRunner.java:48) [gs-securing-web-0.1.0.jar:0.1.0]
	at org.springframework.boot.loader.Launcher.launch(Launcher.java:87) [gs-securing-web-0.1.0.jar:0.1.0]
	at org.springframework.boot.loader.Launcher.launch(Launcher.java:50) [gs-securing-web-0.1.0.jar:0.1.0]
	at org.springframework.boot.loader.JarLauncher.main(JarLauncher.java:51) [gs-securing-web-0.1.0.jar:0.1.0]

2017-10-30 14:51:06.662 ERROR 78653 --- [main] o.apache.catalina.core.StandardService   : Failed to start connector [Connector[HTTP/1.1-8080]]

org.apache.catalina.LifecycleException: Failed to start component [Connector[HTTP/1.1-8080]]
	at org.apache.catalina.util.LifecycleBase.start(LifecycleBase.java:167) ~[tomcat-embed-core-8.5.23.jar!/:8.5.23]
	at org.apache.catalina.core.StandardService.addConnector(StandardService.java:225) ~[tomcat-embed-core-8.5.23.jar!/:8.5.23]
	at org.springframework.boot.context.embedded.tomcat.TomcatEmbeddedServletContainer.addPreviouslyRemovedConnectors(TomcatEmbeddedServletContainer.java:250) [spring-boot-1.5.8.RELEASE.jar!/:1.5.8.RELEASE]
	at org.springframework.boot.context.embedded.tomcat.TomcatEmbeddedServletContainer.start(TomcatEmbeddedServletContainer.java:193) [spring-boot-1.5.8.RELEASE.jar!/:1.5.8.RELEASE]
	at org.springframework.boot.context.embedded.EmbeddedWebApplicationContext.startEmbeddedServletContainer(EmbeddedWebApplicationContext.java:297) [spring-boot-1.5.8.RELEASE.jar!/:1.5.8.RELEASE]
	at org.springframework.boot.context.embedded.EmbeddedWebApplicationContext.finishRefresh(EmbeddedWebApplicationContext.java:145) [spring-boot-1.5.8.RELEASE.jar!/:1.5.8.RELEASE]
	at org.springframework.context.support.AbstractApplicationContext.refresh(AbstractApplicationContext.java:546) [spring-context-4.3.12.RELEASE.jar!/:4.3.12.RELEASE]
	at org.springframework.boot.context.embedded.EmbeddedWebApplicationContext.refresh(EmbeddedWebApplicationContext.java:122) [spring-boot-1.5.8.RELEASE.jar!/:1.5.8.RELEASE]
	at org.springframework.boot.SpringApplication.refresh(SpringApplication.java:693) [spring-boot-1.5.8.RELEASE.jar!/:1.5.8.RELEASE]
	at org.springframework.boot.SpringApplication.refreshContext(SpringApplication.java:360) [spring-boot-1.5.8.RELEASE.jar!/:1.5.8.RELEASE]
	at org.springframework.boot.SpringApplication.run(SpringApplication.java:303) [spring-boot-1.5.8.RELEASE.jar!/:1.5.8.RELEASE]
	at org.springframework.boot.SpringApplication.run(SpringApplication.java:1118) [spring-boot-1.5.8.RELEASE.jar!/:1.5.8.RELEASE]
	at org.springframework.boot.SpringApplication.run(SpringApplication.java:1107) [spring-boot-1.5.8.RELEASE.jar!/:1.5.8.RELEASE]
	at com.ges.video.Application.main(Application.java:21) [classes!/:0.1.0]
	at sun.reflect.NativeMethodAccessorImpl.invoke0(Native Method) ~[na:1.8.0_77]
	at sun.reflect.NativeMethodAccessorImpl.invoke(NativeMethodAccessorImpl.java:62) ~[na:1.8.0_77]
	at sun.reflect.DelegatingMethodAccessorImpl.invoke(DelegatingMethodAccessorImpl.java:43) ~[na:1.8.0_77]
	at java.lang.reflect.Method.invoke(Method.java:498) ~[na:1.8.0_77]
	at org.springframework.boot.loader.MainMethodRunner.run(MainMethodRunner.java:48) [gs-securing-web-0.1.0.jar:0.1.0]
	at org.springframework.boot.loader.Launcher.launch(Launcher.java:87) [gs-securing-web-0.1.0.jar:0.1.0]
	at org.springframework.boot.loader.Launcher.launch(Launcher.java:50) [gs-securing-web-0.1.0.jar:0.1.0]
	at org.springframework.boot.loader.JarLauncher.main(JarLauncher.java:51) [gs-securing-web-0.1.0.jar:0.1.0]
Caused by: org.apache.catalina.LifecycleException: service.getName(): "Tomcat";  Protocol handler start failed
	at org.apache.catalina.connector.Connector.startInternal(Connector.java:1031) ~[tomcat-embed-core-8.5.23.jar!/:8.5.23]
	at org.apache.catalina.util.LifecycleBase.start(LifecycleBase.java:150) ~[tomcat-embed-core-8.5.23.jar!/:8.5.23]
	... 21 common frames omitted
Caused by: java.net.BindException: Address already in use
	at sun.nio.ch.Net.bind0(Native Method) ~[na:1.8.0_77]
	at sun.nio.ch.Net.bind(Net.java:433) ~[na:1.8.0_77]
	at sun.nio.ch.Net.bind(Net.java:425) ~[na:1.8.0_77]
	at sun.nio.ch.ServerSocketChannelImpl.bind(ServerSocketChannelImpl.java:223) ~[na:1.8.0_77]
	at sun.nio.ch.ServerSocketAdaptor.bind(ServerSocketAdaptor.java:74) ~[na:1.8.0_77]
	at org.apache.tomcat.util.net.NioEndpoint.bind(NioEndpoint.java:210) ~[tomcat-embed-core-8.5.23.jar!/:8.5.23]
	at org.apache.tomcat.util.net.AbstractEndpoint.start(AbstractEndpoint.java:990) ~[tomcat-embed-core-8.5.23.jar!/:8.5.23]
	at org.apache.coyote.AbstractProtocol.start(AbstractProtocol.java:635) ~[tomcat-embed-core-8.5.23.jar!/:8.5.23]
	at org.apache.catalina.connector.Connector.startInternal(Connector.java:1022) ~[tomcat-embed-core-8.5.23.jar!/:8.5.23]
	... 22 common frames omitted

2017-10-30 14:51:06.674  INFO 78653 --- [main] o.apache.catalina.core.StandardService   : Stopping service [Tomcat]
2017-10-30 14:51:06.685  INFO 78653 --- [main] utoConfigurationReportLoggingInitializer : 

Error starting ApplicationContext. To display the auto-configuration report re-run your application with 'debug' enabled.
2017-10-30 14:51:06.688 ERROR 78653 --- [main] o.s.b.d.LoggingFailureAnalysisReporter   : 

***************************
APPLICATION FAILED TO START
***************************

Description:

The Tomcat connector configured to listen on port 8080 failed to start. The port may already be in use or the connector may be misconfigured.

Action:

Verify the connector's configuration, identify and stop any process that's listening on port 8080, or configure this application to listen on another port.

2017-10-30 14:51:06.690  INFO 78653 --- [main] ationConfigEmbeddedWebApplicationContext : Closing org.springframework.boot.context.embedded.AnnotationConfigEmbeddedWebApplicationContext@443b7951: startup date [Mon Oct 30 14:51:00 PDT 2017]; root of context hierarchy
2017-10-30 14:51:06.691  INFO 78653 --- [main] o.s.j.e.a.AnnotationMBeanExporter        : Unregistering JMX-exposed beans on shutdown
2017-10-30 14:51:06.693  INFO 78653 --- [main] j.LocalContainerEntityManagerFactoryBean : Closing JPA EntityManagerFactory for persistence unit 'default'
